<?xml version="1.0" encoding="UTF-8"?>
<testsuite name="tests.SmokeTestBase" tests="1" skipped="0" failures="0" errors="0" timestamp="2021-08-12T10:03:35" hostname="DESKTOP-V8HD5F2" time="2.015">
  <properties/>
  <testcase name="smokeTest" classname="tests.SmokeTestBase" time="2.015"/>
  <system-out><![CDATA[13:03:35 INFO  tests.TestBase - ==================================
13:03:35 INFO  tests.TestBase - Start on method - smokeTest
13:03:35 INFO  tests.TestBase - Start test with Data - []
Im smoke test
13:03:37 INFO  tests.TestBase - End off method - smokeTest
]]></system-out>
  <system-err><![CDATA[]]></system-err>
</testsuite>
