<?xml version="1.0" encoding="UTF-8"?>
<testsuite name="tests.RemoveContactTest" tests="2" skipped="0" failures="0" errors="0" timestamp="2021-08-12T10:03:24" hostname="DESKTOP-V8HD5F2" time="11.14">
  <properties/>
  <testcase name="removeAllContacts" classname="tests.RemoveContactTest" time="7.898"/>
  <testcase name="removeOneContact" classname="tests.RemoveContactTest" time="0.202"/>
  <system-out><![CDATA[13:03:22 INFO  tests.TestBase - ==================================
13:03:22 INFO  tests.TestBase - Start on method - removeAllContacts
13:03:22 INFO  tests.TestBase - Start test with Data - []
13:03:22 INFO  application.MyListener - Start find element by --> By.xpath: //a[.='LOGIN']
13:03:22 INFO  application.MyListener - The element --> By.xpath: //a[.='LOGIN'] was found
13:03:22 INFO  application.MyListener - Start find element by --> By.xpath: //a[.='LOGIN']
13:03:22 INFO  application.MyListener - The element --> By.xpath: //a[.='LOGIN'] was found
13:03:22 INFO  application.MyListener - Start find element by --> By.xpath: //a[.='LOGIN']
13:03:22 INFO  application.MyListener - The element --> By.xpath: //a[.='LOGIN'] was found
13:03:22 INFO  application.MyListener - Start find element by --> By.xpath: //input[@placeholder='Email']
13:03:22 INFO  application.MyListener - The element --> By.xpath: //input[@placeholder='Email'] was found
13:03:23 INFO  application.MyListener - Start find element by --> By.xpath: //input[@placeholder='Password']
13:03:23 INFO  application.MyListener - The element --> By.xpath: //input[@placeholder='Password'] was found
13:03:23 INFO  application.MyListener - Start find element by --> By.xpath: //button[.=' Login']
13:03:23 INFO  application.MyListener - The element --> By.xpath: //button[.=' Login'] was found
13:03:24 INFO  application.MyListener - Start find element by --> By.cssSelector: .contact-item_card__2SOIM
13:03:24 INFO  application.MyListener - The element --> By.cssSelector: .contact-item_card__2SOIM was found
13:03:24 INFO  application.MyListener - Start find element by --> By.cssSelector: .contact-item_card__2SOIM
13:03:24 INFO  application.MyListener - The element --> By.cssSelector: .contact-item_card__2SOIM was found
13:03:24 INFO  application.MyListener - Start find element by --> By.xpath: //button[.='Remove']
13:03:24 INFO  application.MyListener - The element --> By.xpath: //button[.='Remove'] was found
Masha-59
1234567896

13:03:25 INFO  application.MyListener - Start find element by --> By.cssSelector: .contact-item_card__2SOIM
13:03:25 INFO  application.MyListener - The element --> By.cssSelector: .contact-item_card__2SOIM was found
13:03:25 INFO  application.MyListener - Start find element by --> By.cssSelector: .contact-item_card__2SOIM
13:03:25 INFO  application.MyListener - The element --> By.cssSelector: .contact-item_card__2SOIM was found
13:03:25 INFO  application.MyListener - Start find element by --> By.xpath: //button[.='Remove']
13:03:25 INFO  application.MyListener - The element --> By.xpath: //button[.='Remove'] was found
Masha-14
12345678101

13:03:25 INFO  application.MyListener - Start find element by --> By.cssSelector: .contact-item_card__2SOIM
13:03:25 INFO  application.MyListener - The element --> By.cssSelector: .contact-item_card__2SOIM was found
13:03:25 INFO  application.MyListener - Start find element by --> By.cssSelector: .contact-item_card__2SOIM
13:03:25 INFO  application.MyListener - The element --> By.cssSelector: .contact-item_card__2SOIM was found
13:03:25 INFO  application.MyListener - Start find element by --> By.xpath: //button[.='Remove']
13:03:25 INFO  application.MyListener - The element --> By.xpath: //button[.='Remove'] was found
Masha-28
12345678105

13:03:26 INFO  application.MyListener - Start find element by --> By.cssSelector: .contact-item_card__2SOIM
13:03:26 INFO  application.MyListener - The element --> By.cssSelector: .contact-item_card__2SOIM was found
13:03:26 INFO  application.MyListener - Start find element by --> By.cssSelector: .contact-item_card__2SOIM
13:03:26 INFO  application.MyListener - The element --> By.cssSelector: .contact-item_card__2SOIM was found
13:03:26 INFO  application.MyListener - Start find element by --> By.xpath: //button[.='Remove']
13:03:26 INFO  application.MyListener - The element --> By.xpath: //button[.='Remove'] was found
Masha-36
1234511678

13:03:27 INFO  application.MyListener - Start find element by --> By.cssSelector: .contact-item_card__2SOIM
13:03:27 INFO  application.MyListener - The element --> By.cssSelector: .contact-item_card__2SOIM was found
13:03:27 INFO  application.MyListener - Start find element by --> By.cssSelector: .contact-item_card__2SOIM
13:03:27 INFO  application.MyListener - The element --> By.cssSelector: .contact-item_card__2SOIM was found
13:03:27 INFO  application.MyListener - Start find element by --> By.xpath: //button[.='Remove']
13:03:27 INFO  application.MyListener - The element --> By.xpath: //button[.='Remove'] was found
Sasha-47
9874115632

13:03:27 INFO  application.MyListener - Start find element by --> By.cssSelector: .contact-item_card__2SOIM
13:03:27 INFO  application.MyListener - The element --> By.cssSelector: .contact-item_card__2SOIM was found
13:03:27 INFO  application.MyListener - Start find element by --> By.cssSelector: .contact-item_card__2SOIM
13:03:27 INFO  application.MyListener - The element --> By.cssSelector: .contact-item_card__2SOIM was found
13:03:28 INFO  application.MyListener - Start find element by --> By.xpath: //button[.='Remove']
13:03:28 INFO  application.MyListener - The element --> By.xpath: //button[.='Remove'] was found
Mosha-56
1411567412

13:03:28 INFO  application.MyListener - Start find element by --> By.cssSelector: .contact-item_card__2SOIM
13:03:28 INFO  application.MyListener - The element --> By.cssSelector: .contact-item_card__2SOIM was found
13:03:28 INFO  application.MyListener - Start find element by --> By.cssSelector: .contact-item_card__2SOIM
13:03:28 INFO  application.MyListener - The element --> By.cssSelector: .contact-item_card__2SOIM was found
13:03:28 INFO  application.MyListener - Start find element by --> By.xpath: //button[.='Remove']
13:03:28 INFO  application.MyListener - The element --> By.xpath: //button[.='Remove'] was found
Gosha-4
3245631125

13:03:29 INFO  application.MyListener - Start find element by --> By.cssSelector: .contact-item_card__2SOIM
13:03:29 INFO  application.MyListener - The element --> By.cssSelector: .contact-item_card__2SOIM was found
13:03:29 INFO  application.MyListener - Start find element by --> By.cssSelector: .contact-item_card__2SOIM
13:03:29 INFO  application.MyListener - The element --> By.cssSelector: .contact-item_card__2SOIM was found
13:03:29 INFO  application.MyListener - Start find element by --> By.xpath: //button[.='Remove']
13:03:29 INFO  application.MyListener - The element --> By.xpath: //button[.='Remove'] was found
Resae-4
1211452145

13:03:30 INFO  application.MyListener - Start find element by --> By.cssSelector: .contact-item_card__2SOIM
13:03:30 INFO  application.MyListener - The element --> By.cssSelector: .contact-item_card__2SOIM was found
13:03:30 INFO  application.MyListener - Start find element by --> By.cssSelector: .contact-item_card__2SOIM
13:03:30 INFO  application.MyListener - The element --> By.cssSelector: .contact-item_card__2SOIM was found
13:03:30 INFO  application.MyListener - Start find element by --> By.xpath: //button[.='Remove']
13:03:30 INFO  application.MyListener - The element --> By.xpath: //button[.='Remove'] was found
Trew-59
9811569856

13:03:30 INFO  application.MyListener - Start find element by --> By.cssSelector: .contact-item_card__2SOIM
13:03:30 INFO  application.MyListener - The element --> By.cssSelector: .contact-item_card__2SOIM was found
13:03:30 INFO  application.MyListener - Start find element by --> By.cssSelector: .contact-item_card__2SOIM
13:03:30 INFO  application.MyListener - The element --> By.cssSelector: .contact-item_card__2SOIM was found
13:03:30 INFO  application.MyListener - Start find element by --> By.xpath: //button[.='Remove']
13:03:30 INFO  application.MyListener - The element --> By.xpath: //button[.='Remove'] was found
John0
6587114521

13:03:31 INFO  application.MyListener - Start find element by --> By.cssSelector: .contact-item_card__2SOIM
13:03:31 INFO  application.MyListener - The element --> By.cssSelector: .contact-item_card__2SOIM was found
13:03:31 INFO  application.MyListener - Start find element by --> By.cssSelector: .contact-item_card__2SOIM
13:03:31 INFO  application.MyListener - The element --> By.cssSelector: .contact-item_card__2SOIM was found
13:03:31 INFO  application.MyListener - Start find element by --> By.xpath: //button[.='Remove']
13:03:31 INFO  application.MyListener - The element --> By.xpath: //button[.='Remove'] was found
Jane-54
1211589654

13:03:32 INFO  application.MyListener - Start find element by --> By.cssSelector: .contact-item_card__2SOIM
13:03:32 INFO  application.MyListener - The element --> By.cssSelector: .contact-item_card__2SOIM was found
13:03:32 INFO  tests.TestBase - End off method - removeAllContacts
13:03:32 INFO  tests.TestBase - ==================================
13:03:32 INFO  tests.TestBase - Start on method - removeOneContact
13:03:32 INFO  tests.TestBase - Start test with Data - []
13:03:32 INFO  application.MyListener - Start find element by --> By.xpath: //a[.='LOGIN']
13:03:35 INFO  application.MyListener - The element --> By.xpath: //a[.='LOGIN'] was found
13:03:35 INFO  application.MyListener - Start find element by --> By.cssSelector: .contact-item_card__2SOIM
13:03:35 INFO  application.MyListener - The element --> By.cssSelector: .contact-item_card__2SOIM was found
13:03:35 INFO  application.MyListener - Start find element by --> By.xpath: //button[.='Remove']
13:03:35 INFO  application.MyListener - The element --> By.xpath: //button[.='Remove'] was found
Mila-42
1241156987
13:03:35 INFO  tests.TestBase - End off method - removeOneContact
]]></system-out>
  <system-err><![CDATA[]]></system-err>
</testsuite>
