<?xml version="1.0" encoding="UTF-8"?>
<testsuite name="tests.LoginTestBase" tests="3" skipped="0" failures="0" errors="0" timestamp="2021-08-21T11:14:06" hostname="DESKTOP-V8HD5F2" time="3.77">
  <properties/>
  <testcase name="loginTestDataProvider[0](skelon+4@bk.ru, Qwerty$4)" classname="tests.LoginTestBase" time="1.601"/>
  <testcase name="loginTestDataProvider[1](skelon+11@bk.ru, Qwerty$4)" classname="tests.LoginTestBase" time="1.006"/>
  <testcase name="loginTestDataProvider[2](skelon+10@bk.ru, Qwerty$4)" classname="tests.LoginTestBase" time="1.085"/>
  <system-out><![CDATA[14:14:05 INFO  tests.TestBase - ==================================
14:14:05 INFO  tests.TestBase - Start on method - loginTestDataProvider
14:14:05 INFO  tests.TestBase - Start test with Data - [skelon+4@bk.ru, Qwerty$4]
14:14:05 INFO  application.MyListener - Start find element by --> By.xpath: //a[.='LOGIN']
14:14:06 INFO  application.MyListener - The element --> By.xpath: //a[.='LOGIN'] was found
14:14:06 INFO  application.MyListener - Start find element by --> By.xpath: //a[.='LOGIN']
14:14:06 INFO  application.MyListener - The element --> By.xpath: //a[.='LOGIN'] was found
14:14:06 INFO  application.MyListener - Start find element by --> By.xpath: //a[.='LOGIN']
14:14:06 INFO  application.MyListener - The element --> By.xpath: //a[.='LOGIN'] was found
14:14:06 INFO  application.MyListener - Start find element by --> By.xpath: //input[@placeholder='Email']
14:14:06 INFO  application.MyListener - The element --> By.xpath: //input[@placeholder='Email'] was found
14:14:06 INFO  application.MyListener - Start find element by --> By.xpath: //input[@placeholder='Password']
14:14:06 INFO  application.MyListener - The element --> By.xpath: //input[@placeholder='Password'] was found
14:14:06 INFO  application.MyListener - Start find element by --> By.xpath: //button[.=' Login']
14:14:06 INFO  application.MyListener - The element --> By.xpath: //button[.=' Login'] was found
14:14:06 INFO  application.MyListener - Start find element by --> By.xpath: //a[.='LOGIN']
14:14:06 INFO  application.MyListener - The element --> By.xpath: //a[.='LOGIN'] was found
14:14:06 INFO  application.MyListener - Start find element by --> By.xpath: //button[.='Sign Out']
14:14:07 INFO  application.MyListener - The element --> By.xpath: //button[.='Sign Out'] was found
14:14:07 INFO  tests.TestBase - End off method - loginTestDataProvider
14:14:07 INFO  tests.TestBase - ==================================
14:14:07 INFO  tests.TestBase - Start on method - loginTestDataProvider
14:14:07 INFO  tests.TestBase - Start test with Data - [skelon+11@bk.ru, Qwerty$4]
14:14:07 INFO  application.MyListener - Start find element by --> By.xpath: //a[.='LOGIN']
14:14:07 INFO  application.MyListener - The element --> By.xpath: //a[.='LOGIN'] was found
14:14:07 INFO  application.MyListener - Start find element by --> By.xpath: //a[.='LOGIN']
14:14:07 INFO  application.MyListener - The element --> By.xpath: //a[.='LOGIN'] was found
14:14:07 INFO  application.MyListener - Start find element by --> By.xpath: //a[.='LOGIN']
14:14:07 INFO  application.MyListener - The element --> By.xpath: //a[.='LOGIN'] was found
14:14:07 INFO  application.MyListener - Start find element by --> By.xpath: //input[@placeholder='Email']
14:14:07 INFO  application.MyListener - The element --> By.xpath: //input[@placeholder='Email'] was found
14:14:08 INFO  application.MyListener - Start find element by --> By.xpath: //input[@placeholder='Password']
14:14:08 INFO  application.MyListener - The element --> By.xpath: //input[@placeholder='Password'] was found
14:14:08 INFO  application.MyListener - Start find element by --> By.xpath: //button[.=' Login']
14:14:08 INFO  application.MyListener - The element --> By.xpath: //button[.=' Login'] was found
14:14:08 INFO  application.MyListener - Start find element by --> By.xpath: //a[.='LOGIN']
14:14:08 INFO  application.MyListener - The element --> By.xpath: //a[.='LOGIN'] was found
14:14:08 INFO  application.MyListener - Start find element by --> By.xpath: //button[.='Sign Out']
14:14:08 INFO  application.MyListener - The element --> By.xpath: //button[.='Sign Out'] was found
14:14:08 INFO  tests.TestBase - End off method - loginTestDataProvider
14:14:08 INFO  tests.TestBase - ==================================
14:14:08 INFO  tests.TestBase - Start on method - loginTestDataProvider
14:14:08 INFO  tests.TestBase - Start test with Data - [skelon+10@bk.ru, Qwerty$4]
14:14:08 INFO  application.MyListener - Start find element by --> By.xpath: //a[.='LOGIN']
14:14:08 INFO  application.MyListener - The element --> By.xpath: //a[.='LOGIN'] was found
14:14:08 INFO  application.MyListener - Start find element by --> By.xpath: //a[.='LOGIN']
14:14:08 INFO  application.MyListener - The element --> By.xpath: //a[.='LOGIN'] was found
14:14:08 INFO  application.MyListener - Start find element by --> By.xpath: //a[.='LOGIN']
14:14:08 INFO  application.MyListener - The element --> By.xpath: //a[.='LOGIN'] was found
14:14:08 INFO  application.MyListener - Start find element by --> By.xpath: //input[@placeholder='Email']
14:14:08 INFO  application.MyListener - The element --> By.xpath: //input[@placeholder='Email'] was found
14:14:09 INFO  application.MyListener - Start find element by --> By.xpath: //input[@placeholder='Password']
14:14:09 INFO  application.MyListener - The element --> By.xpath: //input[@placeholder='Password'] was found
14:14:09 INFO  application.MyListener - Start find element by --> By.xpath: //button[.=' Login']
14:14:09 INFO  application.MyListener - The element --> By.xpath: //button[.=' Login'] was found
14:14:09 INFO  application.MyListener - Start find element by --> By.xpath: //a[.='LOGIN']
14:14:09 INFO  application.MyListener - The element --> By.xpath: //a[.='LOGIN'] was found
14:14:09 INFO  application.MyListener - Start find element by --> By.xpath: //button[.='Sign Out']
14:14:09 INFO  application.MyListener - The element --> By.xpath: //button[.='Sign Out'] was found
14:14:09 INFO  tests.TestBase - End off method - loginTestDataProvider
]]></system-out>
  <system-err><![CDATA[]]></system-err>
</testsuite>
