<?xml version="1.0" encoding="UTF-8"?>
<testsuite name="tests.RegistrationTestBase" tests="2" skipped="0" failures="0" errors="0" timestamp="2021-08-12T10:03:20" hostname="DESKTOP-V8HD5F2" time="1.891">
  <properties/>
  <testcase name="registrationPositive" classname="tests.RegistrationTestBase" time="1.034"/>
  <testcase name="registrationPositiveDto" classname="tests.RegistrationTestBase" time="0.824"/>
  <system-out><![CDATA[13:03:20 INFO  tests.TestBase - ==================================
13:03:20 INFO  tests.TestBase - Start on method - registrationPositive
13:03:20 INFO  tests.TestBase - Start test with Data - []
13:03:20 INFO  application.MyListener - Start find element by --> By.xpath: //a[.='LOGIN']
13:03:20 INFO  application.MyListener - The element --> By.xpath: //a[.='LOGIN'] was found
13:03:20 INFO  application.MyListener - Start find element by --> By.xpath: //a[.='LOGIN']
13:03:20 INFO  application.MyListener - The element --> By.xpath: //a[.='LOGIN'] was found
13:03:20 INFO  application.MyListener - Start find element by --> By.xpath: //a[.='LOGIN']
13:03:20 INFO  application.MyListener - The element --> By.xpath: //a[.='LOGIN'] was found
13:03:20 INFO  application.MyListener - Start find element by --> By.xpath: //input[@placeholder='Email']
13:03:20 INFO  application.MyListener - The element --> By.xpath: //input[@placeholder='Email'] was found
13:03:21 INFO  application.MyListener - Start find element by --> By.xpath: //input[@placeholder='Password']
13:03:21 INFO  application.MyListener - The element --> By.xpath: //input[@placeholder='Password'] was found
13:03:21 INFO  application.MyListener - Start find element by --> By.xpath: //button[.=' Registration']
13:03:21 INFO  application.MyListener - The element --> By.xpath: //button[.=' Registration'] was found
13:03:21 INFO  application.MyListener - Start find element by --> By.xpath: //button[.='Sign Out']
13:03:21 INFO  application.MyListener - The element --> By.xpath: //button[.='Sign Out'] was found
13:03:21 INFO  tests.TestBase - End off method - registrationPositive
13:03:21 INFO  tests.TestBase - ==================================
13:03:21 INFO  tests.TestBase - Start on method - registrationPositiveDto
13:03:21 INFO  tests.TestBase - Start test with Data - []
13:03:21 INFO  application.MyListener - Start find element by --> By.xpath: //a[.='LOGIN']
13:03:21 INFO  application.MyListener - The element --> By.xpath: //a[.='LOGIN'] was found
13:03:21 INFO  application.MyListener - Start find element by --> By.xpath: //a[.='LOGIN']
13:03:21 INFO  application.MyListener - The element --> By.xpath: //a[.='LOGIN'] was found
13:03:21 INFO  application.MyListener - Start find element by --> By.xpath: //a[.='LOGIN']
13:03:21 INFO  application.MyListener - The element --> By.xpath: //a[.='LOGIN'] was found
13:03:22 INFO  application.MyListener - Start find element by --> By.xpath: //input[@placeholder='Email']
13:03:22 INFO  application.MyListener - The element --> By.xpath: //input[@placeholder='Email'] was found
13:03:22 INFO  application.MyListener - Start find element by --> By.xpath: //input[@placeholder='Password']
13:03:22 INFO  application.MyListener - The element --> By.xpath: //input[@placeholder='Password'] was found
13:03:22 INFO  application.MyListener - Start find element by --> By.xpath: //button[.=' Registration']
13:03:22 INFO  application.MyListener - The element --> By.xpath: //button[.=' Registration'] was found
13:03:22 INFO  application.MyListener - Start find element by --> By.xpath: //button[.='Sign Out']
13:03:22 INFO  application.MyListener - The element --> By.xpath: //button[.='Sign Out'] was found
13:03:22 INFO  tests.TestBase - End off method - registrationPositiveDto
]]></system-out>
  <system-err><![CDATA[]]></system-err>
</testsuite>
