<?xml version="1.0" encoding="UTF-8"?>
<testsuite name="tests.RemoveContactTest" tests="2" skipped="0" failures="0" errors="0" timestamp="2021-08-21T10:47:57" hostname="DESKTOP-V8HD5F2" time="14.084">
  <properties/>
  <testcase name="remove1OneContact" classname="tests.RemoveContactTest" time="0.213"/>
  <testcase name="removeAllContacts" classname="tests.RemoveContactTest" time="10.82"/>
  <system-out><![CDATA[13:47:54 INFO  tests.TestBase - ==================================
13:47:54 INFO  tests.TestBase - Start on method - remove1OneContact
13:47:54 INFO  tests.TestBase - Start test with Data - []
13:47:54 INFO  application.MyListener - Start find element by --> By.xpath: //a[.='LOGIN']
13:47:57 INFO  application.MyListener - The element --> By.xpath: //a[.='LOGIN'] was found
13:47:57 INFO  application.MyListener - Start find element by --> By.cssSelector: .contact-item_card__2SOIM
13:47:57 INFO  application.MyListener - The element --> By.cssSelector: .contact-item_card__2SOIM was found
13:47:58 INFO  application.MyListener - Start find element by --> By.xpath: //button[.='Remove']
13:47:58 INFO  application.MyListener - The element --> By.xpath: //button[.='Remove'] was found
Masha-296
12345678288
13:47:58 INFO  tests.TestBase - End off method - remove1OneContact
13:47:58 INFO  tests.TestBase - ==================================
13:47:58 INFO  tests.TestBase - Start on method - removeAllContacts
13:47:58 INFO  tests.TestBase - Start test with Data - []
13:47:58 INFO  application.MyListener - Start find element by --> By.xpath: //a[.='LOGIN']
13:48:01 INFO  application.MyListener - The element --> By.xpath: //a[.='LOGIN'] was found
13:48:01 INFO  application.MyListener - Start find element by --> By.cssSelector: .contact-item_card__2SOIM
13:48:01 INFO  application.MyListener - The element --> By.cssSelector: .contact-item_card__2SOIM was found
13:48:01 INFO  application.MyListener - Start find element by --> By.cssSelector: .contact-item_card__2SOIM
13:48:01 INFO  application.MyListener - The element --> By.cssSelector: .contact-item_card__2SOIM was found
13:48:01 INFO  application.MyListener - Start find element by --> By.xpath: //button[.='Remove']
13:48:01 INFO  application.MyListener - The element --> By.xpath: //button[.='Remove'] was found
Masha-234
12345678294

13:48:01 INFO  application.MyListener - Start find element by --> By.cssSelector: .contact-item_card__2SOIM
13:48:01 INFO  application.MyListener - The element --> By.cssSelector: .contact-item_card__2SOIM was found
13:48:01 INFO  application.MyListener - Start find element by --> By.cssSelector: .contact-item_card__2SOIM
13:48:01 INFO  application.MyListener - The element --> By.cssSelector: .contact-item_card__2SOIM was found
13:48:01 INFO  application.MyListener - Start find element by --> By.xpath: //button[.='Remove']
13:48:02 INFO  application.MyListener - The element --> By.xpath: //button[.='Remove'] was found
Masha-178
12345678300

13:48:02 INFO  application.MyListener - Start find element by --> By.cssSelector: .contact-item_card__2SOIM
13:48:02 INFO  application.MyListener - The element --> By.cssSelector: .contact-item_card__2SOIM was found
13:48:02 INFO  application.MyListener - Start find element by --> By.cssSelector: .contact-item_card__2SOIM
13:48:02 INFO  application.MyListener - The element --> By.cssSelector: .contact-item_card__2SOIM was found
13:48:02 INFO  application.MyListener - Start find element by --> By.xpath: //button[.='Remove']
13:48:02 INFO  application.MyListener - The element --> By.xpath: //button[.='Remove'] was found
Masha-120
1234511678

13:48:03 INFO  application.MyListener - Start find element by --> By.cssSelector: .contact-item_card__2SOIM
13:48:03 INFO  application.MyListener - The element --> By.cssSelector: .contact-item_card__2SOIM was found
13:48:03 INFO  application.MyListener - Start find element by --> By.cssSelector: .contact-item_card__2SOIM
13:48:03 INFO  application.MyListener - The element --> By.cssSelector: .contact-item_card__2SOIM was found
13:48:03 INFO  application.MyListener - Start find element by --> By.xpath: //button[.='Remove']
13:48:03 INFO  application.MyListener - The element --> By.xpath: //button[.='Remove'] was found
Sasha-64
9874115632

13:48:03 INFO  application.MyListener - Start find element by --> By.cssSelector: .contact-item_card__2SOIM
13:48:04 INFO  application.MyListener - The element --> By.cssSelector: .contact-item_card__2SOIM was found
13:48:04 INFO  application.MyListener - Start find element by --> By.cssSelector: .contact-item_card__2SOIM
13:48:04 INFO  application.MyListener - The element --> By.cssSelector: .contact-item_card__2SOIM was found
13:48:04 INFO  application.MyListener - Start find element by --> By.xpath: //button[.='Remove']
13:48:04 INFO  application.MyListener - The element --> By.xpath: //button[.='Remove'] was found
Mosha-7
1411567412

13:48:04 INFO  application.MyListener - Start find element by --> By.cssSelector: .contact-item_card__2SOIM
13:48:04 INFO  application.MyListener - The element --> By.cssSelector: .contact-item_card__2SOIM was found
13:48:04 INFO  application.MyListener - Start find element by --> By.cssSelector: .contact-item_card__2SOIM
13:48:04 INFO  application.MyListener - The element --> By.cssSelector: .contact-item_card__2SOIM was found
13:48:04 INFO  application.MyListener - Start find element by --> By.xpath: //button[.='Remove']
13:48:04 INFO  application.MyListener - The element --> By.xpath: //button[.='Remove'] was found
Gosha-309
3245631125

13:48:05 INFO  application.MyListener - Start find element by --> By.cssSelector: .contact-item_card__2SOIM
13:48:05 INFO  application.MyListener - The element --> By.cssSelector: .contact-item_card__2SOIM was found
13:48:05 INFO  application.MyListener - Start find element by --> By.cssSelector: .contact-item_card__2SOIM
13:48:05 INFO  application.MyListener - The element --> By.cssSelector: .contact-item_card__2SOIM was found
13:48:05 INFO  application.MyListener - Start find element by --> By.xpath: //button[.='Remove']
13:48:05 INFO  application.MyListener - The element --> By.xpath: //button[.='Remove'] was found
Resae-253
1211452145

13:48:06 INFO  application.MyListener - Start find element by --> By.cssSelector: .contact-item_card__2SOIM
13:48:06 INFO  application.MyListener - The element --> By.cssSelector: .contact-item_card__2SOIM was found
13:48:06 INFO  application.MyListener - Start find element by --> By.cssSelector: .contact-item_card__2SOIM
13:48:06 INFO  application.MyListener - The element --> By.cssSelector: .contact-item_card__2SOIM was found
13:48:06 INFO  application.MyListener - Start find element by --> By.xpath: //button[.='Remove']
13:48:06 INFO  application.MyListener - The element --> By.xpath: //button[.='Remove'] was found
Trew-195
9811569856

13:48:06 INFO  application.MyListener - Start find element by --> By.cssSelector: .contact-item_card__2SOIM
13:48:06 INFO  application.MyListener - The element --> By.cssSelector: .contact-item_card__2SOIM was found
13:48:06 INFO  application.MyListener - Start find element by --> By.cssSelector: .contact-item_card__2SOIM
13:48:06 INFO  application.MyListener - The element --> By.cssSelector: .contact-item_card__2SOIM was found
13:48:06 INFO  application.MyListener - Start find element by --> By.xpath: //button[.='Remove']
13:48:06 INFO  application.MyListener - The element --> By.xpath: //button[.='Remove'] was found
John-138
6587114521

13:48:07 INFO  application.MyListener - Start find element by --> By.cssSelector: .contact-item_card__2SOIM
13:48:07 INFO  application.MyListener - The element --> By.cssSelector: .contact-item_card__2SOIM was found
13:48:07 INFO  application.MyListener - Start find element by --> By.cssSelector: .contact-item_card__2SOIM
13:48:07 INFO  application.MyListener - The element --> By.cssSelector: .contact-item_card__2SOIM was found
13:48:07 INFO  application.MyListener - Start find element by --> By.xpath: //button[.='Remove']
13:48:07 INFO  application.MyListener - The element --> By.xpath: //button[.='Remove'] was found
Jane-80
1211589654

13:48:08 INFO  application.MyListener - Start find element by --> By.cssSelector: .contact-item_card__2SOIM
13:48:08 INFO  application.MyListener - The element --> By.cssSelector: .contact-item_card__2SOIM was found
13:48:08 INFO  application.MyListener - Start find element by --> By.cssSelector: .contact-item_card__2SOIM
13:48:08 INFO  application.MyListener - The element --> By.cssSelector: .contact-item_card__2SOIM was found
13:48:08 INFO  application.MyListener - Start find element by --> By.xpath: //button[.='Remove']
13:48:08 INFO  application.MyListener - The element --> By.xpath: //button[.='Remove'] was found
Mila-22
1241156987

13:48:08 INFO  application.MyListener - Start find element by --> By.cssSelector: .contact-item_card__2SOIM
13:48:11 INFO  application.MyListener - The element --> By.cssSelector: .contact-item_card__2SOIM was found
13:48:11 INFO  tests.TestBase - End off method - removeAllContacts
]]></system-out>
  <system-err><![CDATA[]]></system-err>
</testsuite>
