<?xml version="1.0" encoding="UTF-8"?>
<testsuite name="tests.SmokeTestBase" tests="1" skipped="0" failures="0" errors="0" timestamp="2021-08-20T13:28:49" hostname="DESKTOP-V8HD5F2" time="2.016">
  <properties/>
  <testcase name="smokeTest" classname="tests.SmokeTestBase" time="2.016"/>
  <system-out><![CDATA[16:28:49 INFO  tests.TestBase - ==================================
16:28:49 INFO  tests.TestBase - Start on method - smokeTest
16:28:49 INFO  tests.TestBase - Start test with Data - []
Im smoke test
16:28:51 INFO  tests.TestBase - End off method - smokeTest
]]></system-out>
  <system-err><![CDATA[]]></system-err>
</testsuite>
