<?xml version="1.0" encoding="UTF-8"?>
<testsuite name="tests.AddContactTest" tests="12" skipped="0" failures="0" errors="0" timestamp="2021-08-21T10:46:48" hostname="DESKTOP-V8HD5F2" time="66.246">
  <properties/>
  <testcase name="addContactTestBase" classname="tests.AddContactTest" time="3.288"/>
  <testcase name="addContactTestBase" classname="tests.AddContactTest" time="2.584"/>
  <testcase name="addContactTestBase" classname="tests.AddContactTest" time="2.692"/>
  <testcase name="addContactTestCSV[0](Contact(name=Masha, lastName=Qwerty, email=kselon01@bk.ru, phone=1234511678, address=Haifa, description=friend))" classname="tests.AddContactTest" time="2.653"/>
  <testcase name="addContactTestCSV[1](Contact(name=Sasha, lastName=Asdfgh, email=kselon02@bk.ru, phone=9874115632, address=Haifa, description=friend))" classname="tests.AddContactTest" time="2.596"/>
  <testcase name="addContactTestCSV[2](Contact(name=Mosha, lastName=wrnaertn, email=kselon03@bk.ru, phone=1411567412, address=Haifa, description=friend))" classname="tests.AddContactTest" time="2.769"/>
  <testcase name="addContactTestCSV[3](Contact(name=Gosha, lastName=gndgn, email=kselon04@bk.ru, phone=3245631125, address=Haifa, description=friend))" classname="tests.AddContactTest" time="2.59"/>
  <testcase name="addContactTestCSV[4](Contact(name=Resae, lastName=aetnxf , email=kselon05@bk.ru, phone=1211452145, address=Haifa, description=friend))" classname="tests.AddContactTest" time="2.722"/>
  <testcase name="addContactTestCSV[5](Contact(name=Trew, lastName=aweegear, email=kselon61@bk.ru, phone=9811569856, address=Haifa, description=friend))" classname="tests.AddContactTest" time="2.705"/>
  <testcase name="addContactTestCSV[6](Contact(name=John, lastName=zdgWEg, email=kselon07@bk.ru, phone=6587114521, address=Haifa, description=friend))" classname="tests.AddContactTest" time="2.737"/>
  <testcase name="addContactTestCSV[7](Contact(name=Jane, lastName=ezrneren, email=kselon08@bk.ru, phone=1211589654, address=Haifa, description=friend))" classname="tests.AddContactTest" time="2.802"/>
  <testcase name="addContactTestCSV[8](Contact(name=Mila, lastName=rehaeerh, email=kselon91@bk.ru, phone=1241156987, address=Haifa, description=friend))" classname="tests.AddContactTest" time="2.698"/>
  <system-out><![CDATA[13:46:47 INFO  tests.TestBase - ==================================
13:46:47 INFO  tests.TestBase - Start on method - addContactTestBase
13:46:47 INFO  tests.TestBase - Start test with Data - []
13:46:47 INFO  application.MyListener - Start find element by --> By.xpath: //a[.='LOGIN']
13:46:47 INFO  application.MyListener - The element --> By.xpath: //a[.='LOGIN'] was found
13:46:47 INFO  application.MyListener - Start find element by --> By.xpath: //a[.='LOGIN']
13:46:47 INFO  application.MyListener - The element --> By.xpath: //a[.='LOGIN'] was found
13:46:47 INFO  application.MyListener - Start find element by --> By.xpath: //a[.='LOGIN']
13:46:47 INFO  application.MyListener - The element --> By.xpath: //a[.='LOGIN'] was found
13:46:47 INFO  application.MyListener - Start find element by --> By.xpath: //input[@placeholder='Email']
13:46:47 INFO  application.MyListener - The element --> By.xpath: //input[@placeholder='Email'] was found
13:46:47 INFO  application.MyListener - Start find element by --> By.xpath: //input[@placeholder='Password']
13:46:47 INFO  application.MyListener - The element --> By.xpath: //input[@placeholder='Password'] was found
13:46:47 INFO  application.MyListener - Start find element by --> By.xpath: //button[.=' Login']
13:46:47 INFO  application.MyListener - The element --> By.xpath: //button[.=' Login'] was found
13:46:48 INFO  application.MyListener - Start find element by --> By.xpath: //a[.='ADD']
13:46:48 INFO  application.MyListener - The element --> By.xpath: //a[.='ADD'] was found
13:46:48 INFO  application.MyListener - Start find element by --> By.cssSelector: input[placeholder='Name']
13:46:48 INFO  application.MyListener - The element --> By.cssSelector: input[placeholder='Name'] was found
13:46:49 INFO  application.MyListener - Start find element by --> By.cssSelector: input[placeholder='Last Name']
13:46:49 INFO  application.MyListener - The element --> By.cssSelector: input[placeholder='Last Name'] was found
13:46:49 INFO  application.MyListener - Start find element by --> By.cssSelector: input[placeholder='Phone']
13:46:49 INFO  application.MyListener - The element --> By.cssSelector: input[placeholder='Phone'] was found
13:46:49 INFO  application.MyListener - Start find element by --> By.cssSelector: input[placeholder='email']
13:46:49 INFO  application.MyListener - The element --> By.cssSelector: input[placeholder='email'] was found
13:46:49 INFO  application.MyListener - Start find element by --> By.cssSelector: input[placeholder='Address']
13:46:50 INFO  application.MyListener - The element --> By.cssSelector: input[placeholder='Address'] was found
13:46:50 INFO  application.MyListener - Start find element by --> By.cssSelector: input[placeholder='description']
13:46:50 INFO  application.MyListener - The element --> By.cssSelector: input[placeholder='description'] was found
13:46:51 INFO  application.MyListener - Start find element by --> By.xpath: //h3
13:46:51 INFO  application.MyListener - The element --> By.xpath: //h3 was found
============12345678288===============
13:46:51 INFO  tests.TestBase - End off method - addContactTestBase
13:46:51 INFO  tests.TestBase - ==================================
13:46:51 INFO  tests.TestBase - Start on method - addContactTestBase
13:46:51 INFO  tests.TestBase - Start test with Data - []
13:46:51 INFO  application.MyListener - Start find element by --> By.xpath: //a[.='LOGIN']
13:46:54 INFO  application.MyListener - The element --> By.xpath: //a[.='LOGIN'] was found
13:46:54 INFO  application.MyListener - Start find element by --> By.xpath: //a[.='ADD']
13:46:54 INFO  application.MyListener - The element --> By.xpath: //a[.='ADD'] was found
13:46:55 INFO  application.MyListener - Start find element by --> By.cssSelector: input[placeholder='Name']
13:46:55 INFO  application.MyListener - The element --> By.cssSelector: input[placeholder='Name'] was found
13:46:55 INFO  application.MyListener - Start find element by --> By.cssSelector: input[placeholder='Last Name']
13:46:55 INFO  application.MyListener - The element --> By.cssSelector: input[placeholder='Last Name'] was found
13:46:55 INFO  application.MyListener - Start find element by --> By.cssSelector: input[placeholder='Phone']
13:46:55 INFO  application.MyListener - The element --> By.cssSelector: input[placeholder='Phone'] was found
13:46:55 INFO  application.MyListener - Start find element by --> By.cssSelector: input[placeholder='email']
13:46:55 INFO  application.MyListener - The element --> By.cssSelector: input[placeholder='email'] was found
13:46:55 INFO  application.MyListener - Start find element by --> By.cssSelector: input[placeholder='Address']
13:46:55 INFO  application.MyListener - The element --> By.cssSelector: input[placeholder='Address'] was found
13:46:56 INFO  application.MyListener - Start find element by --> By.cssSelector: input[placeholder='description']
13:46:56 INFO  application.MyListener - The element --> By.cssSelector: input[placeholder='description'] was found
13:46:57 INFO  application.MyListener - Start find element by --> By.xpath: //h3
13:46:57 INFO  application.MyListener - The element --> By.xpath: //h3 was found
============12345678294===============
13:46:57 INFO  tests.TestBase - End off method - addContactTestBase
13:46:57 INFO  tests.TestBase - ==================================
13:46:57 INFO  tests.TestBase - Start on method - addContactTestBase
13:46:57 INFO  tests.TestBase - Start test with Data - []
13:46:57 INFO  application.MyListener - Start find element by --> By.xpath: //a[.='LOGIN']
13:47:00 INFO  application.MyListener - The element --> By.xpath: //a[.='LOGIN'] was found
13:47:00 INFO  application.MyListener - Start find element by --> By.xpath: //a[.='ADD']
13:47:00 INFO  application.MyListener - The element --> By.xpath: //a[.='ADD'] was found
13:47:00 INFO  application.MyListener - Start find element by --> By.cssSelector: input[placeholder='Name']
13:47:00 INFO  application.MyListener - The element --> By.cssSelector: input[placeholder='Name'] was found
13:47:00 INFO  application.MyListener - Start find element by --> By.cssSelector: input[placeholder='Last Name']
13:47:00 INFO  application.MyListener - The element --> By.cssSelector: input[placeholder='Last Name'] was found
13:47:01 INFO  application.MyListener - Start find element by --> By.cssSelector: input[placeholder='Phone']
13:47:01 INFO  application.MyListener - The element --> By.cssSelector: input[placeholder='Phone'] was found
13:47:01 INFO  application.MyListener - Start find element by --> By.cssSelector: input[placeholder='email']
13:47:01 INFO  application.MyListener - The element --> By.cssSelector: input[placeholder='email'] was found
13:47:01 INFO  application.MyListener - Start find element by --> By.cssSelector: input[placeholder='Address']
13:47:01 INFO  application.MyListener - The element --> By.cssSelector: input[placeholder='Address'] was found
13:47:01 INFO  application.MyListener - Start find element by --> By.cssSelector: input[placeholder='description']
13:47:01 INFO  application.MyListener - The element --> By.cssSelector: input[placeholder='description'] was found
13:47:02 INFO  application.MyListener - Start find element by --> By.xpath: //h3
13:47:03 INFO  application.MyListener - The element --> By.xpath: //h3 was found
============12345678300===============
13:47:03 INFO  tests.TestBase - End off method - addContactTestBase
13:47:03 INFO  tests.TestBase - ==================================
13:47:03 INFO  tests.TestBase - Start on method - addContactTestCSV
13:47:03 INFO  tests.TestBase - Start test with Data - [Contact(name=Masha, lastName=Qwerty, email=kselon01@bk.ru, phone=1234511678, address=Haifa, description=friend)]
13:47:03 INFO  application.MyListener - Start find element by --> By.xpath: //a[.='LOGIN']
13:47:06 INFO  application.MyListener - The element --> By.xpath: //a[.='LOGIN'] was found
13:47:06 INFO  application.MyListener - Start find element by --> By.xpath: //a[.='ADD']
13:47:06 INFO  application.MyListener - The element --> By.xpath: //a[.='ADD'] was found
13:47:06 INFO  application.MyListener - Start find element by --> By.cssSelector: input[placeholder='Name']
13:47:06 INFO  application.MyListener - The element --> By.cssSelector: input[placeholder='Name'] was found
13:47:06 INFO  application.MyListener - Start find element by --> By.cssSelector: input[placeholder='Last Name']
13:47:06 INFO  application.MyListener - The element --> By.cssSelector: input[placeholder='Last Name'] was found
13:47:06 INFO  application.MyListener - Start find element by --> By.cssSelector: input[placeholder='Phone']
13:47:06 INFO  application.MyListener - The element --> By.cssSelector: input[placeholder='Phone'] was found
13:47:06 INFO  application.MyListener - Start find element by --> By.cssSelector: input[placeholder='email']
13:47:06 INFO  application.MyListener - The element --> By.cssSelector: input[placeholder='email'] was found
13:47:07 INFO  application.MyListener - Start find element by --> By.cssSelector: input[placeholder='Address']
13:47:07 INFO  application.MyListener - The element --> By.cssSelector: input[placeholder='Address'] was found
13:47:07 INFO  application.MyListener - Start find element by --> By.cssSelector: input[placeholder='description']
13:47:07 INFO  application.MyListener - The element --> By.cssSelector: input[placeholder='description'] was found
13:47:08 INFO  application.MyListener - Start find element by --> By.xpath: //h3
13:47:08 INFO  application.MyListener - The element --> By.xpath: //h3 was found
============1234511678===============
13:47:08 INFO  tests.TestBase - End off method - addContactTestCSV
13:47:08 INFO  tests.TestBase - ==================================
13:47:08 INFO  tests.TestBase - Start on method - addContactTestCSV
13:47:08 INFO  tests.TestBase - Start test with Data - [Contact(name=Sasha, lastName=Asdfgh, email=kselon02@bk.ru, phone=9874115632, address=Haifa, description=friend)]
13:47:08 INFO  application.MyListener - Start find element by --> By.xpath: //a[.='LOGIN']
13:47:12 INFO  application.MyListener - The element --> By.xpath: //a[.='LOGIN'] was found
13:47:12 INFO  application.MyListener - Start find element by --> By.xpath: //a[.='ADD']
13:47:12 INFO  application.MyListener - The element --> By.xpath: //a[.='ADD'] was found
13:47:12 INFO  application.MyListener - Start find element by --> By.cssSelector: input[placeholder='Name']
13:47:12 INFO  application.MyListener - The element --> By.cssSelector: input[placeholder='Name'] was found
13:47:12 INFO  application.MyListener - Start find element by --> By.cssSelector: input[placeholder='Last Name']
13:47:12 INFO  application.MyListener - The element --> By.cssSelector: input[placeholder='Last Name'] was found
13:47:12 INFO  application.MyListener - Start find element by --> By.cssSelector: input[placeholder='Phone']
13:47:12 INFO  application.MyListener - The element --> By.cssSelector: input[placeholder='Phone'] was found
13:47:12 INFO  application.MyListener - Start find element by --> By.cssSelector: input[placeholder='email']
13:47:12 INFO  application.MyListener - The element --> By.cssSelector: input[placeholder='email'] was found
13:47:12 INFO  application.MyListener - Start find element by --> By.cssSelector: input[placeholder='Address']
13:47:12 INFO  application.MyListener - The element --> By.cssSelector: input[placeholder='Address'] was found
13:47:13 INFO  application.MyListener - Start find element by --> By.cssSelector: input[placeholder='description']
13:47:13 INFO  application.MyListener - The element --> By.cssSelector: input[placeholder='description'] was found
13:47:14 INFO  application.MyListener - Start find element by --> By.xpath: //h3
13:47:14 INFO  application.MyListener - The element --> By.xpath: //h3 was found
============9874115632===============
13:47:14 INFO  tests.TestBase - End off method - addContactTestCSV
13:47:14 INFO  tests.TestBase - ==================================
13:47:14 INFO  tests.TestBase - Start on method - addContactTestCSV
13:47:14 INFO  tests.TestBase - Start test with Data - [Contact(name=Mosha, lastName=wrnaertn, email=kselon03@bk.ru, phone=1411567412, address=Haifa, description=friend)]
13:47:14 INFO  application.MyListener - Start find element by --> By.xpath: //a[.='LOGIN']
13:47:17 INFO  application.MyListener - The element --> By.xpath: //a[.='LOGIN'] was found
13:47:17 INFO  application.MyListener - Start find element by --> By.xpath: //a[.='ADD']
13:47:17 INFO  application.MyListener - The element --> By.xpath: //a[.='ADD'] was found
13:47:17 INFO  application.MyListener - Start find element by --> By.cssSelector: input[placeholder='Name']
13:47:17 INFO  application.MyListener - The element --> By.cssSelector: input[placeholder='Name'] was found
13:47:17 INFO  application.MyListener - Start find element by --> By.cssSelector: input[placeholder='Last Name']
13:47:17 INFO  application.MyListener - The element --> By.cssSelector: input[placeholder='Last Name'] was found
13:47:18 INFO  application.MyListener - Start find element by --> By.cssSelector: input[placeholder='Phone']
13:47:18 INFO  application.MyListener - The element --> By.cssSelector: input[placeholder='Phone'] was found
13:47:18 INFO  application.MyListener - Start find element by --> By.cssSelector: input[placeholder='email']
13:47:18 INFO  application.MyListener - The element --> By.cssSelector: input[placeholder='email'] was found
13:47:18 INFO  application.MyListener - Start find element by --> By.cssSelector: input[placeholder='Address']
13:47:18 INFO  application.MyListener - The element --> By.cssSelector: input[placeholder='Address'] was found
13:47:18 INFO  application.MyListener - Start find element by --> By.cssSelector: input[placeholder='description']
13:47:18 INFO  application.MyListener - The element --> By.cssSelector: input[placeholder='description'] was found
13:47:19 INFO  application.MyListener - Start find element by --> By.xpath: //h3
13:47:20 INFO  application.MyListener - The element --> By.xpath: //h3 was found
============1411567412===============
13:47:20 INFO  tests.TestBase - End off method - addContactTestCSV
13:47:20 INFO  tests.TestBase - ==================================
13:47:20 INFO  tests.TestBase - Start on method - addContactTestCSV
13:47:20 INFO  tests.TestBase - Start test with Data - [Contact(name=Gosha, lastName=gndgn, email=kselon04@bk.ru, phone=3245631125, address=Haifa, description=friend)]
13:47:20 INFO  application.MyListener - Start find element by --> By.xpath: //a[.='LOGIN']
13:47:23 INFO  application.MyListener - The element --> By.xpath: //a[.='LOGIN'] was found
13:47:23 INFO  application.MyListener - Start find element by --> By.xpath: //a[.='ADD']
13:47:23 INFO  application.MyListener - The element --> By.xpath: //a[.='ADD'] was found
13:47:23 INFO  application.MyListener - Start find element by --> By.cssSelector: input[placeholder='Name']
13:47:23 INFO  application.MyListener - The element --> By.cssSelector: input[placeholder='Name'] was found
13:47:23 INFO  application.MyListener - Start find element by --> By.cssSelector: input[placeholder='Last Name']
13:47:23 INFO  application.MyListener - The element --> By.cssSelector: input[placeholder='Last Name'] was found
13:47:23 INFO  application.MyListener - Start find element by --> By.cssSelector: input[placeholder='Phone']
13:47:23 INFO  application.MyListener - The element --> By.cssSelector: input[placeholder='Phone'] was found
13:47:24 INFO  application.MyListener - Start find element by --> By.cssSelector: input[placeholder='email']
13:47:24 INFO  application.MyListener - The element --> By.cssSelector: input[placeholder='email'] was found
13:47:24 INFO  application.MyListener - Start find element by --> By.cssSelector: input[placeholder='Address']
13:47:24 INFO  application.MyListener - The element --> By.cssSelector: input[placeholder='Address'] was found
13:47:24 INFO  application.MyListener - Start find element by --> By.cssSelector: input[placeholder='description']
13:47:24 INFO  application.MyListener - The element --> By.cssSelector: input[placeholder='description'] was found
13:47:25 INFO  application.MyListener - Start find element by --> By.xpath: //h3
13:47:25 INFO  application.MyListener - The element --> By.xpath: //h3 was found
============3245631125===============
13:47:26 INFO  tests.TestBase - End off method - addContactTestCSV
13:47:26 INFO  tests.TestBase - ==================================
13:47:26 INFO  tests.TestBase - Start on method - addContactTestCSV
13:47:26 INFO  tests.TestBase - Start test with Data - [Contact(name=Resae, lastName=aetnxf , email=kselon05@bk.ru, phone=1211452145, address=Haifa, description=friend)]
13:47:26 INFO  application.MyListener - Start find element by --> By.xpath: //a[.='LOGIN']
13:47:29 INFO  application.MyListener - The element --> By.xpath: //a[.='LOGIN'] was found
13:47:29 INFO  application.MyListener - Start find element by --> By.xpath: //a[.='ADD']
13:47:29 INFO  application.MyListener - The element --> By.xpath: //a[.='ADD'] was found
13:47:29 INFO  application.MyListener - Start find element by --> By.cssSelector: input[placeholder='Name']
13:47:29 INFO  application.MyListener - The element --> By.cssSelector: input[placeholder='Name'] was found
13:47:29 INFO  application.MyListener - Start find element by --> By.cssSelector: input[placeholder='Last Name']
13:47:29 INFO  application.MyListener - The element --> By.cssSelector: input[placeholder='Last Name'] was found
13:47:29 INFO  application.MyListener - Start find element by --> By.cssSelector: input[placeholder='Phone']
13:47:29 INFO  application.MyListener - The element --> By.cssSelector: input[placeholder='Phone'] was found
13:47:29 INFO  application.MyListener - Start find element by --> By.cssSelector: input[placeholder='email']
13:47:29 INFO  application.MyListener - The element --> By.cssSelector: input[placeholder='email'] was found
13:47:29 INFO  application.MyListener - Start find element by --> By.cssSelector: input[placeholder='Address']
13:47:29 INFO  application.MyListener - The element --> By.cssSelector: input[placeholder='Address'] was found
13:47:30 INFO  application.MyListener - Start find element by --> By.cssSelector: input[placeholder='description']
13:47:30 INFO  application.MyListener - The element --> By.cssSelector: input[placeholder='description'] was found
13:47:31 INFO  application.MyListener - Start find element by --> By.xpath: //h3
13:47:31 INFO  application.MyListener - The element --> By.xpath: //h3 was found
============1211452145===============
13:47:31 INFO  tests.TestBase - End off method - addContactTestCSV
13:47:31 INFO  tests.TestBase - ==================================
13:47:31 INFO  tests.TestBase - Start on method - addContactTestCSV
13:47:31 INFO  tests.TestBase - Start test with Data - [Contact(name=Trew, lastName=aweegear, email=kselon61@bk.ru, phone=9811569856, address=Haifa, description=friend)]
13:47:31 INFO  application.MyListener - Start find element by --> By.xpath: //a[.='LOGIN']
13:47:34 INFO  application.MyListener - The element --> By.xpath: //a[.='LOGIN'] was found
13:47:34 INFO  application.MyListener - Start find element by --> By.xpath: //a[.='ADD']
13:47:34 INFO  application.MyListener - The element --> By.xpath: //a[.='ADD'] was found
13:47:34 INFO  application.MyListener - Start find element by --> By.cssSelector: input[placeholder='Name']
13:47:34 INFO  application.MyListener - The element --> By.cssSelector: input[placeholder='Name'] was found
13:47:35 INFO  application.MyListener - Start find element by --> By.cssSelector: input[placeholder='Last Name']
13:47:35 INFO  application.MyListener - The element --> By.cssSelector: input[placeholder='Last Name'] was found
13:47:35 INFO  application.MyListener - Start find element by --> By.cssSelector: input[placeholder='Phone']
13:47:35 INFO  application.MyListener - The element --> By.cssSelector: input[placeholder='Phone'] was found
13:47:35 INFO  application.MyListener - Start find element by --> By.cssSelector: input[placeholder='email']
13:47:35 INFO  application.MyListener - The element --> By.cssSelector: input[placeholder='email'] was found
13:47:35 INFO  application.MyListener - Start find element by --> By.cssSelector: input[placeholder='Address']
13:47:35 INFO  application.MyListener - The element --> By.cssSelector: input[placeholder='Address'] was found
13:47:35 INFO  application.MyListener - Start find element by --> By.cssSelector: input[placeholder='description']
13:47:35 INFO  application.MyListener - The element --> By.cssSelector: input[placeholder='description'] was found
13:47:37 INFO  application.MyListener - Start find element by --> By.xpath: //h3
13:47:37 INFO  application.MyListener - The element --> By.xpath: //h3 was found
============9811569856===============
13:47:37 INFO  tests.TestBase - End off method - addContactTestCSV
13:47:37 INFO  tests.TestBase - ==================================
13:47:37 INFO  tests.TestBase - Start on method - addContactTestCSV
13:47:37 INFO  tests.TestBase - Start test with Data - [Contact(name=John, lastName=zdgWEg, email=kselon07@bk.ru, phone=6587114521, address=Haifa, description=friend)]
13:47:37 INFO  application.MyListener - Start find element by --> By.xpath: //a[.='LOGIN']
13:47:40 INFO  application.MyListener - The element --> By.xpath: //a[.='LOGIN'] was found
13:47:40 INFO  application.MyListener - Start find element by --> By.xpath: //a[.='ADD']
13:47:40 INFO  application.MyListener - The element --> By.xpath: //a[.='ADD'] was found
13:47:40 INFO  application.MyListener - Start find element by --> By.cssSelector: input[placeholder='Name']
13:47:40 INFO  application.MyListener - The element --> By.cssSelector: input[placeholder='Name'] was found
13:47:40 INFO  application.MyListener - Start find element by --> By.cssSelector: input[placeholder='Last Name']
13:47:40 INFO  application.MyListener - The element --> By.cssSelector: input[placeholder='Last Name'] was found
13:47:41 INFO  application.MyListener - Start find element by --> By.cssSelector: input[placeholder='Phone']
13:47:41 INFO  application.MyListener - The element --> By.cssSelector: input[placeholder='Phone'] was found
13:47:41 INFO  application.MyListener - Start find element by --> By.cssSelector: input[placeholder='email']
13:47:41 INFO  application.MyListener - The element --> By.cssSelector: input[placeholder='email'] was found
13:47:41 INFO  application.MyListener - Start find element by --> By.cssSelector: input[placeholder='Address']
13:47:41 INFO  application.MyListener - The element --> By.cssSelector: input[placeholder='Address'] was found
13:47:41 INFO  application.MyListener - Start find element by --> By.cssSelector: input[placeholder='description']
13:47:41 INFO  application.MyListener - The element --> By.cssSelector: input[placeholder='description'] was found
13:47:42 INFO  application.MyListener - Start find element by --> By.xpath: //h3
13:47:43 INFO  application.MyListener - The element --> By.xpath: //h3 was found
============6587114521===============
13:47:43 INFO  tests.TestBase - End off method - addContactTestCSV
13:47:43 INFO  tests.TestBase - ==================================
13:47:43 INFO  tests.TestBase - Start on method - addContactTestCSV
13:47:43 INFO  tests.TestBase - Start test with Data - [Contact(name=Jane, lastName=ezrneren, email=kselon08@bk.ru, phone=1211589654, address=Haifa, description=friend)]
13:47:43 INFO  application.MyListener - Start find element by --> By.xpath: //a[.='LOGIN']
13:47:46 INFO  application.MyListener - The element --> By.xpath: //a[.='LOGIN'] was found
13:47:46 INFO  application.MyListener - Start find element by --> By.xpath: //a[.='ADD']
13:47:46 INFO  application.MyListener - The element --> By.xpath: //a[.='ADD'] was found
13:47:46 INFO  application.MyListener - Start find element by --> By.cssSelector: input[placeholder='Name']
13:47:46 INFO  application.MyListener - The element --> By.cssSelector: input[placeholder='Name'] was found
13:47:46 INFO  application.MyListener - Start find element by --> By.cssSelector: input[placeholder='Last Name']
13:47:46 INFO  application.MyListener - The element --> By.cssSelector: input[placeholder='Last Name'] was found
13:47:46 INFO  application.MyListener - Start find element by --> By.cssSelector: input[placeholder='Phone']
13:47:46 INFO  application.MyListener - The element --> By.cssSelector: input[placeholder='Phone'] was found
13:47:47 INFO  application.MyListener - Start find element by --> By.cssSelector: input[placeholder='email']
13:47:47 INFO  application.MyListener - The element --> By.cssSelector: input[placeholder='email'] was found
13:47:47 INFO  application.MyListener - Start find element by --> By.cssSelector: input[placeholder='Address']
13:47:47 INFO  application.MyListener - The element --> By.cssSelector: input[placeholder='Address'] was found
13:47:47 INFO  application.MyListener - Start find element by --> By.cssSelector: input[placeholder='description']
13:47:47 INFO  application.MyListener - The element --> By.cssSelector: input[placeholder='description'] was found
13:47:48 INFO  application.MyListener - Start find element by --> By.xpath: //h3
13:47:48 INFO  application.MyListener - The element --> By.xpath: //h3 was found
============1211589654===============
13:47:49 INFO  tests.TestBase - End off method - addContactTestCSV
13:47:49 INFO  tests.TestBase - ==================================
13:47:49 INFO  tests.TestBase - Start on method - addContactTestCSV
13:47:49 INFO  tests.TestBase - Start test with Data - [Contact(name=Mila, lastName=rehaeerh, email=kselon91@bk.ru, phone=1241156987, address=Haifa, description=friend)]
13:47:49 INFO  application.MyListener - Start find element by --> By.xpath: //a[.='LOGIN']
13:47:52 INFO  application.MyListener - The element --> By.xpath: //a[.='LOGIN'] was found
13:47:52 INFO  application.MyListener - Start find element by --> By.xpath: //a[.='ADD']
13:47:52 INFO  application.MyListener - The element --> By.xpath: //a[.='ADD'] was found
13:47:52 INFO  application.MyListener - Start find element by --> By.cssSelector: input[placeholder='Name']
13:47:52 INFO  application.MyListener - The element --> By.cssSelector: input[placeholder='Name'] was found
13:47:52 INFO  application.MyListener - Start find element by --> By.cssSelector: input[placeholder='Last Name']
13:47:52 INFO  application.MyListener - The element --> By.cssSelector: input[placeholder='Last Name'] was found
13:47:52 INFO  application.MyListener - Start find element by --> By.cssSelector: input[placeholder='Phone']
13:47:52 INFO  application.MyListener - The element --> By.cssSelector: input[placeholder='Phone'] was found
13:47:52 INFO  application.MyListener - Start find element by --> By.cssSelector: input[placeholder='email']
13:47:52 INFO  application.MyListener - The element --> By.cssSelector: input[placeholder='email'] was found
13:47:53 INFO  application.MyListener - Start find element by --> By.cssSelector: input[placeholder='Address']
13:47:53 INFO  application.MyListener - The element --> By.cssSelector: input[placeholder='Address'] was found
13:47:53 INFO  application.MyListener - Start find element by --> By.cssSelector: input[placeholder='description']
13:47:53 INFO  application.MyListener - The element --> By.cssSelector: input[placeholder='description'] was found
13:47:54 INFO  application.MyListener - Start find element by --> By.xpath: //h3
13:47:54 INFO  application.MyListener - The element --> By.xpath: //h3 was found
============1241156987===============
13:47:54 INFO  tests.TestBase - End off method - addContactTestCSV
]]></system-out>
  <system-err><![CDATA[]]></system-err>
</testsuite>
