<?xml version="1.0" encoding="UTF-8"?>
<testsuite name="tests.LoginTestBase" tests="13" skipped="0" failures="0" errors="0" timestamp="2021-08-21T10:46:24" hostname="DESKTOP-V8HD5F2" time="22.535">
  <properties/>
  <testcase name="loginNegativeTestWithWrongPassword" classname="tests.LoginTestBase" time="2.082"/>
  <testcase name="loginPositive" classname="tests.LoginTestBase" time="0.952"/>
  <testcase name="loginPositiveDto" classname="tests.LoginTestBase" time="0.917"/>
  <testcase name="loginTestBase" classname="tests.LoginTestBase" time="0.75"/>
  <testcase name="loginTestDP_CSV[0](User{email='skelon+4@bk.ru', password='Qwerty$4'})" classname="tests.LoginTestBase" time="5.009"/>
  <testcase name="loginTestDP_CSV[1](User{email='skelon+11@bk.ru', password='Qwerty$4'})" classname="tests.LoginTestBase" time="2.375"/>
  <testcase name="loginTestDP_CSV[2](User{email='skelon+10@bk.ru', password='Qwerty$4'})" classname="tests.LoginTestBase" time="1.914"/>
  <testcase name="loginTestDataProvider[0](skelon+4@bk.ru, Qwerty$4)" classname="tests.LoginTestBase" time="0.895"/>
  <testcase name="loginTestDataProvider[1](skelon+11@bk.ru, Qwerty$4)" classname="tests.LoginTestBase" time="0.848"/>
  <testcase name="loginTestDataProvider[2](skelon+10@bk.ru, Qwerty$4)" classname="tests.LoginTestBase" time="0.785"/>
  <testcase name="loginTestDataProviderClass[0](skelon+4@bk.ru, Qwerty$4)" classname="tests.LoginTestBase" time="1.824"/>
  <testcase name="loginTestDataProviderClass[1](skelon+11@bk.ru, Qwerty$4)" classname="tests.LoginTestBase" time="1.922"/>
  <testcase name="loginTestDataProviderClass[2](skelon+10@bk.ru, Qwerty$4)" classname="tests.LoginTestBase" time="1.844"/>
  <system-out><![CDATA[13:46:24 INFO  tests.TestBase - ==================================
13:46:24 INFO  tests.TestBase - Start on method - loginNegativeTestWithWrongPassword
13:46:24 INFO  tests.TestBase - Start test with Data - []
13:46:24 INFO  application.MyListener - Start find element by --> By.xpath: //a[.='LOGIN']
13:46:24 INFO  application.MyListener - The element --> By.xpath: //a[.='LOGIN'] was found
13:46:24 INFO  application.MyListener - Start find element by --> By.xpath: //a[.='LOGIN']
13:46:24 INFO  application.MyListener - The element --> By.xpath: //a[.='LOGIN'] was found
13:46:24 INFO  application.MyListener - Start find element by --> By.xpath: //a[.='LOGIN']
13:46:24 INFO  application.MyListener - The element --> By.xpath: //a[.='LOGIN'] was found
13:46:24 INFO  application.MyListener - Start find element by --> By.xpath: //input[@placeholder='Email']
13:46:24 INFO  application.MyListener - The element --> By.xpath: //input[@placeholder='Email'] was found
13:46:25 INFO  application.MyListener - Start find element by --> By.xpath: //input[@placeholder='Password']
13:46:25 INFO  application.MyListener - The element --> By.xpath: //input[@placeholder='Password'] was found
13:46:25 INFO  application.MyListener - Start find element by --> By.xpath: //button[.=' Login']
13:46:25 INFO  application.MyListener - The element --> By.xpath: //button[.=' Login'] was found
13:46:26 INFO  application.MyListener - Start find element by --> By.xpath: //a[.='LOGIN']
13:46:26 INFO  application.MyListener - The element --> By.xpath: //a[.='LOGIN'] was found
13:46:26 INFO  tests.TestBase - End off method - loginNegativeTestWithWrongPassword
13:46:26 INFO  tests.TestBase - ==================================
13:46:26 INFO  tests.TestBase - Start on method - loginPositive
13:46:26 INFO  tests.TestBase - Start test with Data - []
13:46:26 INFO  application.MyListener - Start find element by --> By.xpath: //a[.='LOGIN']
13:46:26 INFO  application.MyListener - The element --> By.xpath: //a[.='LOGIN'] was found
13:46:26 INFO  application.MyListener - Start find element by --> By.xpath: //a[.='LOGIN']
13:46:26 INFO  application.MyListener - The element --> By.xpath: //a[.='LOGIN'] was found
13:46:26 INFO  application.MyListener - Start find element by --> By.xpath: //a[.='LOGIN']
13:46:26 INFO  application.MyListener - The element --> By.xpath: //a[.='LOGIN'] was found
13:46:26 INFO  application.MyListener - Start find element by --> By.xpath: //input[@placeholder='Email']
13:46:26 INFO  application.MyListener - The element --> By.xpath: //input[@placeholder='Email'] was found
13:46:27 INFO  application.MyListener - Start find element by --> By.xpath: //input[@placeholder='Password']
13:46:27 INFO  application.MyListener - The element --> By.xpath: //input[@placeholder='Password'] was found
13:46:27 INFO  application.MyListener - Start find element by --> By.xpath: //button[.=' Login']
13:46:27 INFO  application.MyListener - The element --> By.xpath: //button[.=' Login'] was found
13:46:27 INFO  application.MyListener - Start find element by --> By.xpath: //a[.='ADD']
13:46:27 INFO  application.MyListener - The element --> By.xpath: //a[.='ADD'] was found
13:46:27 INFO  application.MyListener - Start find element by --> By.xpath: //button[.='Sign Out']
13:46:27 INFO  application.MyListener - The element --> By.xpath: //button[.='Sign Out'] was found
13:46:27 INFO  tests.TestBase - End off method - loginPositive
13:46:27 INFO  tests.TestBase - ==================================
13:46:27 INFO  tests.TestBase - Start on method - loginPositiveDto
13:46:27 INFO  tests.TestBase - Start test with Data - []
13:46:27 INFO  application.MyListener - Start find element by --> By.xpath: //a[.='LOGIN']
13:46:27 INFO  application.MyListener - The element --> By.xpath: //a[.='LOGIN'] was found
13:46:27 INFO  application.MyListener - Start find element by --> By.xpath: //a[.='LOGIN']
13:46:27 INFO  application.MyListener - The element --> By.xpath: //a[.='LOGIN'] was found
13:46:27 INFO  application.MyListener - Start find element by --> By.xpath: //a[.='LOGIN']
13:46:27 INFO  application.MyListener - The element --> By.xpath: //a[.='LOGIN'] was found
13:46:27 INFO  application.MyListener - Start find element by --> By.xpath: //input[@placeholder='Email']
13:46:27 INFO  application.MyListener - The element --> By.xpath: //input[@placeholder='Email'] was found
13:46:27 INFO  application.MyListener - Start find element by --> By.xpath: //input[@placeholder='Password']
13:46:27 INFO  application.MyListener - The element --> By.xpath: //input[@placeholder='Password'] was found
13:46:28 INFO  application.MyListener - Start find element by --> By.xpath: //button[.=' Login']
13:46:28 INFO  application.MyListener - The element --> By.xpath: //button[.=' Login'] was found
13:46:28 INFO  application.MyListener - Start find element by --> By.xpath: //button[.='Sign Out']
13:46:28 INFO  application.MyListener - The element --> By.xpath: //button[.='Sign Out'] was found
13:46:28 INFO  tests.TestBase - End off method - loginPositiveDto
13:46:28 INFO  tests.TestBase - ==================================
13:46:28 INFO  tests.TestBase - Start on method - loginTestBase
13:46:28 INFO  tests.TestBase - Start test with Data - []
13:46:28 INFO  application.MyListener - Start find element by --> By.xpath: //a[.='LOGIN']
13:46:28 INFO  application.MyListener - The element --> By.xpath: //a[.='LOGIN'] was found
13:46:28 INFO  application.MyListener - Start find element by --> By.xpath: //a[.='LOGIN']
13:46:28 INFO  application.MyListener - The element --> By.xpath: //a[.='LOGIN'] was found
13:46:28 INFO  application.MyListener - Start find element by --> By.xpath: //a[.='LOGIN']
13:46:28 INFO  application.MyListener - The element --> By.xpath: //a[.='LOGIN'] was found
13:46:28 INFO  application.MyListener - Start find element by --> By.xpath: //input[@placeholder='Email']
13:46:28 INFO  application.MyListener - The element --> By.xpath: //input[@placeholder='Email'] was found
13:46:28 INFO  application.MyListener - Start find element by --> By.xpath: //input[@placeholder='Password']
13:46:29 INFO  application.MyListener - The element --> By.xpath: //input[@placeholder='Password'] was found
13:46:29 INFO  application.MyListener - Start find element by --> By.xpath: //button[.=' Login']
13:46:29 INFO  application.MyListener - The element --> By.xpath: //button[.=' Login'] was found
13:46:29 INFO  tests.TestBase - End off method - loginTestBase
13:46:29 INFO  tests.TestBase - ==================================
13:46:29 INFO  tests.TestBase - Start on method - loginTestDP_CSV
13:46:29 INFO  tests.TestBase - Start test with Data - [User{email='skelon+4@bk.ru', password='Qwerty$4'}]
13:46:29 INFO  application.MyListener - Start find element by --> By.xpath: //a[.='LOGIN']
13:46:29 INFO  application.MyListener - The element --> By.xpath: //a[.='LOGIN'] was found
13:46:30 INFO  application.MyListener - Start find element by --> By.xpath: //a[.='LOGIN']
13:46:33 INFO  application.MyListener - The element --> By.xpath: //a[.='LOGIN'] was found
13:46:33 INFO  application.MyListener - Start find element by --> By.xpath: //button[.='Sign Out']
13:46:33 INFO  application.MyListener - The element --> By.xpath: //button[.='Sign Out'] was found
13:46:33 INFO  application.MyListener - Start find element by --> By.xpath: //a[.='LOGIN']
13:46:33 INFO  application.MyListener - The element --> By.xpath: //a[.='LOGIN'] was found
13:46:33 INFO  application.MyListener - Start find element by --> By.xpath: //input[@placeholder='Email']
13:46:33 INFO  application.MyListener - The element --> By.xpath: //input[@placeholder='Email'] was found
13:46:33 INFO  application.MyListener - Start find element by --> By.xpath: //input[@placeholder='Password']
13:46:33 INFO  application.MyListener - The element --> By.xpath: //input[@placeholder='Password'] was found
13:46:34 INFO  application.MyListener - Start find element by --> By.xpath: //button[.=' Login']
13:46:34 INFO  application.MyListener - The element --> By.xpath: //button[.=' Login'] was found
13:46:34 INFO  application.MyListener - Start find element by --> By.xpath: //button[.='Sign Out']
13:46:34 INFO  application.MyListener - The element --> By.xpath: //button[.='Sign Out'] was found
13:46:34 INFO  application.MyListener - Start find element by --> By.xpath: //a[.='LOGIN']
13:46:34 INFO  application.MyListener - The element --> By.xpath: //a[.='LOGIN'] was found
13:46:34 INFO  tests.TestBase - End off method - loginTestDP_CSV
13:46:34 INFO  tests.TestBase - ==================================
13:46:34 INFO  tests.TestBase - Start on method - loginTestDP_CSV
13:46:34 INFO  tests.TestBase - Start test with Data - [User{email='skelon+11@bk.ru', password='Qwerty$4'}]
13:46:34 INFO  application.MyListener - Start find element by --> By.xpath: //a[.='LOGIN']
13:46:34 INFO  application.MyListener - The element --> By.xpath: //a[.='LOGIN'] was found
13:46:35 INFO  application.MyListener - Start find element by --> By.xpath: //a[.='LOGIN']
13:46:35 INFO  application.MyListener - The element --> By.xpath: //a[.='LOGIN'] was found
13:46:35 INFO  application.MyListener - Start find element by --> By.xpath: //a[.='LOGIN']
13:46:35 INFO  application.MyListener - The element --> By.xpath: //a[.='LOGIN'] was found
13:46:35 INFO  application.MyListener - Start find element by --> By.xpath: //input[@placeholder='Email']
13:46:35 INFO  application.MyListener - The element --> By.xpath: //input[@placeholder='Email'] was found
13:46:35 INFO  application.MyListener - Start find element by --> By.xpath: //input[@placeholder='Password']
13:46:36 INFO  application.MyListener - The element --> By.xpath: //input[@placeholder='Password'] was found
13:46:36 INFO  application.MyListener - Start find element by --> By.xpath: //button[.=' Login']
13:46:36 INFO  application.MyListener - The element --> By.xpath: //button[.=' Login'] was found
13:46:36 INFO  application.MyListener - Start find element by --> By.xpath: //button[.='Sign Out']
13:46:36 INFO  application.MyListener - The element --> By.xpath: //button[.='Sign Out'] was found
13:46:36 INFO  application.MyListener - Start find element by --> By.xpath: //a[.='LOGIN']
13:46:36 INFO  application.MyListener - The element --> By.xpath: //a[.='LOGIN'] was found
13:46:36 INFO  tests.TestBase - End off method - loginTestDP_CSV
13:46:36 INFO  tests.TestBase - ==================================
13:46:36 INFO  tests.TestBase - Start on method - loginTestDP_CSV
13:46:36 INFO  tests.TestBase - Start test with Data - [User{email='skelon+10@bk.ru', password='Qwerty$4'}]
13:46:36 INFO  application.MyListener - Start find element by --> By.xpath: //a[.='LOGIN']
13:46:36 INFO  application.MyListener - The element --> By.xpath: //a[.='LOGIN'] was found
13:46:37 INFO  application.MyListener - Start find element by --> By.xpath: //a[.='LOGIN']
13:46:37 INFO  application.MyListener - The element --> By.xpath: //a[.='LOGIN'] was found
13:46:37 INFO  application.MyListener - Start find element by --> By.xpath: //a[.='LOGIN']
13:46:37 INFO  application.MyListener - The element --> By.xpath: //a[.='LOGIN'] was found
13:46:37 INFO  application.MyListener - Start find element by --> By.xpath: //input[@placeholder='Email']
13:46:37 INFO  application.MyListener - The element --> By.xpath: //input[@placeholder='Email'] was found
13:46:38 INFO  application.MyListener - Start find element by --> By.xpath: //input[@placeholder='Password']
13:46:38 INFO  application.MyListener - The element --> By.xpath: //input[@placeholder='Password'] was found
13:46:38 INFO  application.MyListener - Start find element by --> By.xpath: //button[.=' Login']
13:46:38 INFO  application.MyListener - The element --> By.xpath: //button[.=' Login'] was found
13:46:38 INFO  application.MyListener - Start find element by --> By.xpath: //button[.='Sign Out']
13:46:38 INFO  application.MyListener - The element --> By.xpath: //button[.='Sign Out'] was found
13:46:38 INFO  application.MyListener - Start find element by --> By.xpath: //a[.='LOGIN']
13:46:38 INFO  application.MyListener - The element --> By.xpath: //a[.='LOGIN'] was found
13:46:38 INFO  tests.TestBase - End off method - loginTestDP_CSV
13:46:38 INFO  tests.TestBase - ==================================
13:46:38 INFO  tests.TestBase - Start on method - loginTestDataProvider
13:46:38 INFO  tests.TestBase - Start test with Data - [skelon+4@bk.ru, Qwerty$4]
13:46:38 INFO  application.MyListener - Start find element by --> By.xpath: //a[.='LOGIN']
13:46:38 INFO  application.MyListener - The element --> By.xpath: //a[.='LOGIN'] was found
13:46:38 INFO  application.MyListener - Start find element by --> By.xpath: //a[.='LOGIN']
13:46:38 INFO  application.MyListener - The element --> By.xpath: //a[.='LOGIN'] was found
13:46:38 INFO  application.MyListener - Start find element by --> By.xpath: //a[.='LOGIN']
13:46:38 INFO  application.MyListener - The element --> By.xpath: //a[.='LOGIN'] was found
13:46:38 INFO  application.MyListener - Start find element by --> By.xpath: //input[@placeholder='Email']
13:46:38 INFO  application.MyListener - The element --> By.xpath: //input[@placeholder='Email'] was found
13:46:39 INFO  application.MyListener - Start find element by --> By.xpath: //input[@placeholder='Password']
13:46:39 INFO  application.MyListener - The element --> By.xpath: //input[@placeholder='Password'] was found
13:46:39 INFO  application.MyListener - Start find element by --> By.xpath: //button[.=' Login']
13:46:39 INFO  application.MyListener - The element --> By.xpath: //button[.=' Login'] was found
13:46:39 INFO  application.MyListener - Start find element by --> By.xpath: //button[.='Sign Out']
13:46:39 INFO  application.MyListener - The element --> By.xpath: //button[.='Sign Out'] was found
13:46:39 INFO  tests.TestBase - End off method - loginTestDataProvider
13:46:39 INFO  tests.TestBase - ==================================
13:46:39 INFO  tests.TestBase - Start on method - loginTestDataProvider
13:46:39 INFO  tests.TestBase - Start test with Data - [skelon+11@bk.ru, Qwerty$4]
13:46:39 INFO  application.MyListener - Start find element by --> By.xpath: //a[.='LOGIN']
13:46:39 INFO  application.MyListener - The element --> By.xpath: //a[.='LOGIN'] was found
13:46:39 INFO  application.MyListener - Start find element by --> By.xpath: //a[.='LOGIN']
13:46:39 INFO  application.MyListener - The element --> By.xpath: //a[.='LOGIN'] was found
13:46:39 INFO  application.MyListener - Start find element by --> By.xpath: //a[.='LOGIN']
13:46:39 INFO  application.MyListener - The element --> By.xpath: //a[.='LOGIN'] was found
13:46:39 INFO  application.MyListener - Start find element by --> By.xpath: //input[@placeholder='Email']
13:46:39 INFO  application.MyListener - The element --> By.xpath: //input[@placeholder='Email'] was found
13:46:40 INFO  application.MyListener - Start find element by --> By.xpath: //input[@placeholder='Password']
13:46:40 INFO  application.MyListener - The element --> By.xpath: //input[@placeholder='Password'] was found
13:46:40 INFO  application.MyListener - Start find element by --> By.xpath: //button[.=' Login']
13:46:40 INFO  application.MyListener - The element --> By.xpath: //button[.=' Login'] was found
13:46:40 INFO  application.MyListener - Start find element by --> By.xpath: //button[.='Sign Out']
13:46:40 INFO  application.MyListener - The element --> By.xpath: //button[.='Sign Out'] was found
13:46:40 INFO  tests.TestBase - End off method - loginTestDataProvider
13:46:40 INFO  tests.TestBase - ==================================
13:46:40 INFO  tests.TestBase - Start on method - loginTestDataProvider
13:46:40 INFO  tests.TestBase - Start test with Data - [skelon+10@bk.ru, Qwerty$4]
13:46:40 INFO  application.MyListener - Start find element by --> By.xpath: //a[.='LOGIN']
13:46:40 INFO  application.MyListener - The element --> By.xpath: //a[.='LOGIN'] was found
13:46:40 INFO  application.MyListener - Start find element by --> By.xpath: //a[.='LOGIN']
13:46:40 INFO  application.MyListener - The element --> By.xpath: //a[.='LOGIN'] was found
13:46:40 INFO  application.MyListener - Start find element by --> By.xpath: //a[.='LOGIN']
13:46:40 INFO  application.MyListener - The element --> By.xpath: //a[.='LOGIN'] was found
13:46:40 INFO  application.MyListener - Start find element by --> By.xpath: //input[@placeholder='Email']
13:46:40 INFO  application.MyListener - The element --> By.xpath: //input[@placeholder='Email'] was found
13:46:40 INFO  application.MyListener - Start find element by --> By.xpath: //input[@placeholder='Password']
13:46:40 INFO  application.MyListener - The element --> By.xpath: //input[@placeholder='Password'] was found
13:46:41 INFO  application.MyListener - Start find element by --> By.xpath: //button[.=' Login']
13:46:41 INFO  application.MyListener - The element --> By.xpath: //button[.=' Login'] was found
13:46:41 INFO  application.MyListener - Start find element by --> By.xpath: //button[.='Sign Out']
13:46:41 INFO  application.MyListener - The element --> By.xpath: //button[.='Sign Out'] was found
13:46:41 INFO  tests.TestBase - End off method - loginTestDataProvider
13:46:41 INFO  tests.TestBase - ==================================
13:46:41 INFO  tests.TestBase - Start on method - loginTestDataProviderClass
13:46:41 INFO  tests.TestBase - Start test with Data - [skelon+4@bk.ru, Qwerty$4]
13:46:41 INFO  application.MyListener - Start find element by --> By.xpath: //a[.='LOGIN']
13:46:41 INFO  application.MyListener - The element --> By.xpath: //a[.='LOGIN'] was found
13:46:41 INFO  application.MyListener - Start find element by --> By.xpath: //a[.='LOGIN']
13:46:41 INFO  application.MyListener - The element --> By.xpath: //a[.='LOGIN'] was found
13:46:41 INFO  application.MyListener - Start find element by --> By.xpath: //a[.='LOGIN']
13:46:41 INFO  application.MyListener - The element --> By.xpath: //a[.='LOGIN'] was found
13:46:41 INFO  application.MyListener - Start find element by --> By.xpath: //input[@placeholder='Email']
13:46:41 INFO  application.MyListener - The element --> By.xpath: //input[@placeholder='Email'] was found
13:46:41 INFO  application.MyListener - Start find element by --> By.xpath: //input[@placeholder='Password']
13:46:41 INFO  application.MyListener - The element --> By.xpath: //input[@placeholder='Password'] was found
13:46:41 INFO  application.MyListener - Start find element by --> By.xpath: //button[.=' Login']
13:46:41 INFO  application.MyListener - The element --> By.xpath: //button[.=' Login'] was found
13:46:41 INFO  application.MyListener - Start find element by --> By.xpath: //button[.='Sign Out']
13:46:42 INFO  application.MyListener - The element --> By.xpath: //button[.='Sign Out'] was found
13:46:43 INFO  tests.TestBase - End off method - loginTestDataProviderClass
13:46:43 INFO  tests.TestBase - ==================================
13:46:43 INFO  tests.TestBase - Start on method - loginTestDataProviderClass
13:46:43 INFO  tests.TestBase - Start test with Data - [skelon+11@bk.ru, Qwerty$4]
13:46:43 INFO  application.MyListener - Start find element by --> By.xpath: //a[.='LOGIN']
13:46:43 INFO  application.MyListener - The element --> By.xpath: //a[.='LOGIN'] was found
13:46:43 INFO  application.MyListener - Start find element by --> By.xpath: //a[.='LOGIN']
13:46:43 INFO  application.MyListener - The element --> By.xpath: //a[.='LOGIN'] was found
13:46:43 INFO  application.MyListener - Start find element by --> By.xpath: //a[.='LOGIN']
13:46:43 INFO  application.MyListener - The element --> By.xpath: //a[.='LOGIN'] was found
13:46:43 INFO  application.MyListener - Start find element by --> By.xpath: //input[@placeholder='Email']
13:46:43 INFO  application.MyListener - The element --> By.xpath: //input[@placeholder='Email'] was found
13:46:43 INFO  application.MyListener - Start find element by --> By.xpath: //input[@placeholder='Password']
13:46:43 INFO  application.MyListener - The element --> By.xpath: //input[@placeholder='Password'] was found
13:46:43 INFO  application.MyListener - Start find element by --> By.xpath: //button[.=' Login']
13:46:43 INFO  application.MyListener - The element --> By.xpath: //button[.=' Login'] was found
13:46:43 INFO  application.MyListener - Start find element by --> By.xpath: //button[.='Sign Out']
13:46:44 INFO  application.MyListener - The element --> By.xpath: //button[.='Sign Out'] was found
13:46:45 INFO  tests.TestBase - End off method - loginTestDataProviderClass
13:46:45 INFO  tests.TestBase - ==================================
13:46:45 INFO  tests.TestBase - Start on method - loginTestDataProviderClass
13:46:45 INFO  tests.TestBase - Start test with Data - [skelon+10@bk.ru, Qwerty$4]
13:46:45 INFO  application.MyListener - Start find element by --> By.xpath: //a[.='LOGIN']
13:46:45 INFO  application.MyListener - The element --> By.xpath: //a[.='LOGIN'] was found
13:46:45 INFO  application.MyListener - Start find element by --> By.xpath: //a[.='LOGIN']
13:46:45 INFO  application.MyListener - The element --> By.xpath: //a[.='LOGIN'] was found
13:46:45 INFO  application.MyListener - Start find element by --> By.xpath: //a[.='LOGIN']
13:46:45 INFO  application.MyListener - The element --> By.xpath: //a[.='LOGIN'] was found
13:46:45 INFO  application.MyListener - Start find element by --> By.xpath: //input[@placeholder='Email']
13:46:45 INFO  application.MyListener - The element --> By.xpath: //input[@placeholder='Email'] was found
13:46:45 INFO  application.MyListener - Start find element by --> By.xpath: //input[@placeholder='Password']
13:46:45 INFO  application.MyListener - The element --> By.xpath: //input[@placeholder='Password'] was found
13:46:45 INFO  application.MyListener - Start find element by --> By.xpath: //button[.=' Login']
13:46:45 INFO  application.MyListener - The element --> By.xpath: //button[.=' Login'] was found
13:46:45 INFO  application.MyListener - Start find element by --> By.xpath: //button[.='Sign Out']
13:46:45 INFO  application.MyListener - The element --> By.xpath: //button[.='Sign Out'] was found
13:46:47 INFO  tests.TestBase - End off method - loginTestDataProviderClass
]]></system-out>
  <system-err><![CDATA[]]></system-err>
</testsuite>
